<?xml version="1.0" encoding="UTF-8"?>
<testsuite xmlns:xsi="http://www.w3.org/2001/XMLSchema-instance" xsi:noNamespaceSchemaLocation="https://maven.apache.org/surefire/maven-surefire-plugin/xsd/surefire-test-report-3.0.xsd" version="3.0" name="com.example.app.RunCucumberTest" time="11.944" tests="4" errors="0" skipped="0" failures="0">
  <properties>
[...]
</properties>
  <testcase name="Filter by english language" classname="Wikipedia Filter Language Homepage Functionality" time="2.411">
    <system-out><![CDATA[
@FilterLanguage @RegressionTest @filter
Scenario: Filter by english language                  &amp#27;[90m# src/test/resources/features/FilterLanguage.feature:9&amp#27;[0m
  &amp#27;[32mGiven &amp#27;[0m&amp#27;[32mI open browser&amp#27;[0m                                &amp#27;[90m# com.example.app.stepdefs.CommonUISteps.iOpenBrowser()&amp#27;[0m
  &amp#27;[32mAnd &amp#27;[0m&amp#27;[32mnavigate to application&amp#27;[0m                         &amp#27;[90m# com.example.app.stepdefs.CommonUISteps.navigateToApplication()&amp#27;[0m
  &amp#27;[32mAnd &amp#27;[0m&amp#27;[32mI am on &amp#27;[0m&amp#27;[32m&amp#27;[1m"Home"&amp#27;[0m&amp#27;[32m page&amp#27;[0m                             &amp#27;[90m# com.example.app.stepdefs.CommonUISteps.i_am_on_page(java.lang.String)&amp#27;[0m
  &amp#27;[32mAnd &amp#27;[0m&amp#27;[32mthe title is &amp#27;[0m&amp#27;[32m&amp#27;[1m"Wikipedia"&amp#27;[0m                        &amp#27;[90m# com.example.app.stepdefs.CommonUISteps.theTitleIs(java.lang.String)&amp#27;[0m
  &amp#27;[32mWhen &amp#27;[0m&amp#27;[32mI choose &amp#27;[0m&amp#27;[32m&amp#27;[1m"ENGVersion"&amp#27;[0m&amp#27;[32m article in the Home page&amp#27;[0m &amp#27;[90m# com.example.app.stepdefs.FilterLanguageSteps.i_choose_article_in_the_home_page(java.lang.String)&amp#27;[0m
  &amp#27;[32mThen &amp#27;[0m&amp#27;[32mI am on &amp#27;[0m&amp#27;[32m&amp#27;[1m"EnglishVersion"&amp#27;[0m&amp#27;[32m page&amp#27;[0m                  &amp#27;[90m# com.example.app.stepdefs.CommonUISteps.i_am_on_page(java.lang.String)&amp#27;[0m
  &amp#27;[32mAnd &amp#27;[0m&amp#27;[32mtext of &amp#27;[0m&amp#27;[32m&amp#27;[1m"header"&amp#27;[0m&amp#27;[32m is &amp#27;[0m&amp#27;[32m&amp#27;[1m"Welcome to Wikipedia"&amp#27;[0m      &amp#27;[90m# com.example.app.stepdefs.CommonUISteps.textOfFieldIs(java.lang.String,java.lang.String)&amp#27;[0m

    Embedding screenshot [image/png 1200579 bytes]

  &amp#27;[32mAnd &amp#27;[0m&amp#27;[32mI take screenshot&amp#27;[0m                               &amp#27;[90m# com.example.app.stepdefs.CommonUISteps.iTakeScreenshot()&amp#27;[0m
]]></system-out>
    <system-err><![CDATA[Mar 08, 2025 12:33:13 AM com.example.app.stepdefs.Hooks beforeAll
INFO: ===== TEST EXECUTION STARTED =====
Mar 08, 2025 12:33:13 AM com.example.app.stepdefs.Hooks before
INFO: Starting Scenario: Filter by english language
SLF4J(W): No SLF4J providers were found.
SLF4J(W): Defaulting to no-operation (NOP) logger implementation
SLF4J(W): See https://www.slf4j.org/codes.html#noProviders for further details.
Mar 08, 2025 12:33:14 AM org.openqa.selenium.devtools.CdpVersionFinder findNearestMatch
WARNING: Unable to find an exact match for CDP version 134, returning the closest version; found: 133; Please update to a Selenium version that supports CDP version 134
Mar 08, 2025 12:33:15 AM com.example.app.stepdefs.Hooks after
INFO: Scenario Passed: Filter by english language
Mar 08, 2025 12:33:15 AM com.example.app.stepdefs.Hooks after
INFO: ===== TEST EXECUTION FINISHED =====
]]></system-err>
  </testcase>
  <testcase name="Search for a existing term" classname="Wikipedia Search Functionality" time="2.708">
    <system-out><![CDATA[
@Search @RegressionTest @tag1
Scenario: Search for a existing term                    &amp#27;[90m# src/test/resources/features/Search.feature:9&amp#27;[0m
  &amp#27;[32mGiven &amp#27;[0m&amp#27;[32mI open browser&amp#27;[0m                                  &amp#27;[90m# com.example.app.stepdefs.CommonUISteps.iOpenBrowser()&amp#27;[0m
  &amp#27;[32mAnd &amp#27;[0m&amp#27;[32mnavigate to application&amp#27;[0m                           &amp#27;[90m# com.example.app.stepdefs.CommonUISteps.navigateToApplication()&amp#27;[0m
  &amp#27;[32mAnd &amp#27;[0m&amp#27;[32mI am on &amp#27;[0m&amp#27;[32m&amp#27;[1m"Home"&amp#27;[0m&amp#27;[32m page&amp#27;[0m                               &amp#27;[90m# com.example.app.stepdefs.CommonUISteps.i_am_on_page(java.lang.String)&amp#27;[0m
  &amp#27;[32mAnd &amp#27;[0m&amp#27;[32mthe title is &amp#27;[0m&amp#27;[32m&amp#27;[1m"Wikipedia"&amp#27;[0m                          &amp#27;[90m# com.example.app.stepdefs.CommonUISteps.theTitleIs(java.lang.String)&amp#27;[0m
  &amp#27;[32mWhen &amp#27;[0m&amp#27;[32mI enter &amp#27;[0m&amp#27;[32m&amp#27;[1m"Selenium"&amp#27;[0m&amp#27;[32m in the &amp#27;[0m&amp#27;[32m&amp#27;[1m"searchTextBox"&amp#27;[0m        &amp#27;[90m# com.example.app.stepdefs.CommonUISteps.iEnterInThe(java.lang.String,java.lang.String)&amp#27;[0m
  &amp#27;[32mAnd &amp#27;[0m&amp#27;[32mI select &amp#27;[0m&amp#27;[32m&amp#27;[1m"English"&amp#27;[0m&amp#27;[32m from dropdown &amp#27;[0m&amp#27;[32m&amp#27;[1m"searchLanguage"&amp#27;[0m &amp#27;[90m# com.example.app.stepdefs.CommonUISteps.iSelectTextFromDropDown(java.lang.String,java.lang.String)&amp#27;[0m
  &amp#27;[32mAnd &amp#27;[0m&amp#27;[32mI click on &amp#27;[0m&amp#27;[32m&amp#27;[1m"searchButton"&amp#27;[0m                         &amp#27;[90m# com.example.app.stepdefs.CommonUISteps.iClickOn(java.lang.String)&amp#27;[0m
  &amp#27;[32mThen &amp#27;[0m&amp#27;[32mI am on &amp#27;[0m&amp#27;[32m&amp#27;[1m"Content"&amp#27;[0m&amp#27;[32m page&amp#27;[0m                           &amp#27;[90m# com.example.app.stepdefs.CommonUISteps.i_am_on_page(java.lang.String)&amp#27;[0m
  &amp#27;[32mAnd &amp#27;[0m&amp#27;[32mtext of &amp#27;[0m&amp#27;[32m&amp#27;[1m"header"&amp#27;[0m&amp#27;[32m is &amp#27;[0m&amp#27;[32m&amp#27;[1m"Selenium"&amp#27;[0m                    &amp#27;[90m# com.example.app.stepdefs.CommonUISteps.textOfFieldIs(java.lang.String,java.lang.String)&amp#27;[0m

    Embedding screenshot [image/png 915610 bytes]

  &amp#27;[32mAnd &amp#27;[0m&amp#27;[32mI take screenshot&amp#27;[0m                                 &amp#27;[90m# com.example.app.stepdefs.CommonUISteps.iTakeScreenshot()&amp#27;[0m
]]></system-out>
    <system-err><![CDATA[Mar 08, 2025 12:33:15 AM com.example.app.stepdefs.Hooks before
INFO: Starting Scenario: Search for a existing term
Mar 08, 2025 12:33:16 AM org.openqa.selenium.devtools.CdpVersionFinder findNearestMatch
WARNING: Unable to find an exact match for CDP version 134, returning the closest version; found: 133; Please update to a Selenium version that supports CDP version 134
Mar 08, 2025 12:33:18 AM com.example.app.stepdefs.Hooks after
INFO: Scenario Passed: Search for a existing term
Mar 08, 2025 12:33:18 AM com.example.app.stepdefs.Hooks after
INFO: ===== TEST EXECUTION FINISHED =====
]]></system-err>
  </testcase>
  <testcase name="Search for a non-existing term" classname="Wikipedia Search Functionality" time="3.307">
    <system-out><![CDATA[
@Search @RegressionTest @tag2
Scenario: Search for a non-existing term                                              &amp#27;[90m# src/test/resources/features/Search.feature:20&amp#27;[0m
  &amp#27;[32mGiven &amp#27;[0m&amp#27;[32mI open browser&amp#27;[0m                                                                &amp#27;[90m# com.example.app.stepdefs.CommonUISteps.iOpenBrowser()&amp#27;[0m
  &amp#27;[32mAnd &amp#27;[0m&amp#27;[32mnavigate to application&amp#27;[0m                                                         &amp#27;[90m# com.example.app.stepdefs.CommonUISteps.navigateToApplication()&amp#27;[0m
  &amp#27;[32mAnd &amp#27;[0m&amp#27;[32mI am on &amp#27;[0m&amp#27;[32m&amp#27;[1m"Home"&amp#27;[0m&amp#27;[32m page&amp#27;[0m                                                             &amp#27;[90m# com.example.app.stepdefs.CommonUISteps.i_am_on_page(java.lang.String)&amp#27;[0m
  &amp#27;[32mAnd &amp#27;[0m&amp#27;[32mthe title is &amp#27;[0m&amp#27;[32m&amp#27;[1m"Wikipedia"&amp#27;[0m                                                        &amp#27;[90m# com.example.app.stepdefs.CommonUISteps.theTitleIs(java.lang.String)&amp#27;[0m
  &amp#27;[32mWhen &amp#27;[0m&amp#27;[32mI enter &amp#27;[0m&amp#27;[32m&amp#27;[1m"abcxyz123"&amp#27;[0m&amp#27;[32m in the &amp#27;[0m&amp#27;[32m&amp#27;[1m"searchTextBox"&amp#27;[0m                                     &amp#27;[90m# com.example.app.stepdefs.CommonUISteps.iEnterInThe(java.lang.String,java.lang.String)&amp#27;[0m
  &amp#27;[32mAnd &amp#27;[0m&amp#27;[32mI select &amp#27;[0m&amp#27;[32m&amp#27;[1m"Bahasa Indonesia"&amp#27;[0m&amp#27;[32m from dropdown &amp#27;[0m&amp#27;[32m&amp#27;[1m"searchLanguage"&amp#27;[0m                      &amp#27;[90m# com.example.app.stepdefs.CommonUISteps.iSelectTextFromDropDown(java.lang.String,java.lang.String)&amp#27;[0m
  &amp#27;[32mAnd &amp#27;[0m&amp#27;[32mI click on &amp#27;[0m&amp#27;[32m&amp#27;[1m"searchButton"&amp#27;[0m                                                       &amp#27;[90m# com.example.app.stepdefs.CommonUISteps.iClickOn(java.lang.String)&amp#27;[0m
  &amp#27;[32mThen &amp#27;[0m&amp#27;[32mI am on &amp#27;[0m&amp#27;[32m&amp#27;[1m"SearchResults"&amp#27;[0m&amp#27;[32m page&amp#27;[0m                                                   &amp#27;[90m# com.example.app.stepdefs.CommonUISteps.i_am_on_page(java.lang.String)&amp#27;[0m
  &amp#27;[32mAnd &amp#27;[0m&amp#27;[32mtext of &amp#27;[0m&amp#27;[32m&amp#27;[1m"searchResults"&amp#27;[0m&amp#27;[32m contains &amp#27;[0m&amp#27;[32m&amp#27;[1m"Tidak ada hasil yang sesuai dengan kriteria."&amp#27;[0m &amp#27;[90m# com.example.app.stepdefs.CommonUISteps.textOfContains(java.lang.String,java.lang.String)&amp#27;[0m

    Embedding screenshot [image/png 182065 bytes]

  &amp#27;[32mAnd &amp#27;[0m&amp#27;[32mI take screenshot&amp#27;[0m                                                               &amp#27;[90m# com.example.app.stepdefs.CommonUISteps.iTakeScreenshot()&amp#27;[0m
]]></system-out>
    <system-err><![CDATA[Mar 08, 2025 12:33:18 AM com.example.app.stepdefs.Hooks before
INFO: Starting Scenario: Search for a non-existing term
Mar 08, 2025 12:33:18 AM org.openqa.selenium.devtools.CdpVersionFinder findNearestMatch
WARNING: Unable to find an exact match for CDP version 134, returning the closest version; found: 133; Please update to a Selenium version that supports CDP version 134
Mar 08, 2025 12:33:21 AM com.example.app.stepdefs.Hooks after
INFO: Scenario Passed: Search for a non-existing term
Mar 08, 2025 12:33:21 AM com.example.app.stepdefs.Hooks after
INFO: ===== TEST EXECUTION FINISHED =====
]]></system-err>
  </testcase>
  <testcase name="Search for a generic term" classname="Wikipedia Search Functionality" time="3.191">
    <system-out><![CDATA[
@Search @RegressionTest @tag3
Scenario: Search for a generic term                              &amp#27;[90m# src/test/resources/features/Search.feature:31&amp#27;[0m
  &amp#27;[32mGiven &amp#27;[0m&amp#27;[32mI open browser&amp#27;[0m                                           &amp#27;[90m# com.example.app.stepdefs.CommonUISteps.iOpenBrowser()&amp#27;[0m
  &amp#27;[32mAnd &amp#27;[0m&amp#27;[32mnavigate to application&amp#27;[0m                                    &amp#27;[90m# com.example.app.stepdefs.CommonUISteps.navigateToApplication()&amp#27;[0m
  &amp#27;[32mAnd &amp#27;[0m&amp#27;[32mI am on &amp#27;[0m&amp#27;[32m&amp#27;[1m"Home"&amp#27;[0m&amp#27;[32m page&amp#27;[0m                                        &amp#27;[90m# com.example.app.stepdefs.CommonUISteps.i_am_on_page(java.lang.String)&amp#27;[0m
  &amp#27;[32mAnd &amp#27;[0m&amp#27;[32mthe title is &amp#27;[0m&amp#27;[32m&amp#27;[1m"Wikipedia"&amp#27;[0m                                   &amp#27;[90m# com.example.app.stepdefs.CommonUISteps.theTitleIs(java.lang.String)&amp#27;[0m
  &amp#27;[32mWhen &amp#27;[0m&amp#27;[32mI enter &amp#27;[0m&amp#27;[32m&amp#27;[1m"uncommon word"&amp#27;[0m&amp#27;[32m in the &amp#27;[0m&amp#27;[32m&amp#27;[1m"searchTextBox"&amp#27;[0m            &amp#27;[90m# com.example.app.stepdefs.CommonUISteps.iEnterInThe(java.lang.String,java.lang.String)&amp#27;[0m
  &amp#27;[32mAnd &amp#27;[0m&amp#27;[32mI select &amp#27;[0m&amp#27;[32m&amp#27;[1m"Bahasa Indonesia"&amp#27;[0m&amp#27;[32m from dropdown &amp#27;[0m&amp#27;[32m&amp#27;[1m"searchLanguage"&amp#27;[0m &amp#27;[90m# com.example.app.stepdefs.CommonUISteps.iSelectTextFromDropDown(java.lang.String,java.lang.String)&amp#27;[0m
  &amp#27;[32mAnd &amp#27;[0m&amp#27;[32mI click on &amp#27;[0m&amp#27;[32m&amp#27;[1m"searchButton"&amp#27;[0m                                  &amp#27;[90m# com.example.app.stepdefs.CommonUISteps.iClickOn(java.lang.String)&amp#27;[0m
  &amp#27;[32mThen &amp#27;[0m&amp#27;[32mI am on &amp#27;[0m&amp#27;[32m&amp#27;[1m"SearchResults"&amp#27;[0m&amp#27;[32m page&amp#27;[0m                              &amp#27;[90m# com.example.app.stepdefs.CommonUISteps.i_am_on_page(java.lang.String)&amp#27;[0m
  &amp#27;[32mAnd &amp#27;[0m&amp#27;[32mtext of &amp#27;[0m&amp#27;[32m&amp#27;[1m"totalResults"&amp#27;[0m&amp#27;[32m is &amp#27;[0m&amp#27;[32m&amp#27;[1m"3"&amp#27;[0m                              &amp#27;[90m# com.example.app.stepdefs.CommonUISteps.textOfFieldIs(java.lang.String,java.lang.String)&amp#27;[0m

    Embedding screenshot [image/png 587621 bytes]

  &amp#27;[32mAnd &amp#27;[0m&amp#27;[32mI take screenshot&amp#27;[0m                                          &amp#27;[90m# com.example.app.stepdefs.CommonUISteps.iTakeScreenshot()&amp#27;[0m
]]></system-out>
    <system-err><![CDATA[Mar 08, 2025 12:33:21 AM com.example.app.stepdefs.Hooks before
INFO: Starting Scenario: Search for a generic term
Mar 08, 2025 12:33:22 AM org.openqa.selenium.devtools.CdpVersionFinder findNearestMatch
WARNING: Unable to find an exact match for CDP version 134, returning the closest version; found: 133; Please update to a Selenium version that supports CDP version 134
Mar 08, 2025 12:33:24 AM com.example.app.stepdefs.Hooks after
INFO: Scenario Passed: Search for a generic term
Mar 08, 2025 12:33:24 AM com.example.app.stepdefs.Hooks after
INFO: ===== TEST EXECUTION FINISHED =====
]]></system-err>
  </testcase>
</testsuite>